\BOOKMARK [0][-]{Doc-Start}{\376\377\000A\000b\000s\000t\000r\000a\000c\000t}{}% 1
\BOOKMARK [0][-]{chapter.1}{\376\377\000N\000u\000o\000v\000e\000\040\000T\000o\000p\000o\000l\000o\000g\000i\000e\000\040\000d\000i\000\040\000A\000m\000p\000l\000i\000f\000i\000c\000a\000t\000o\000r\000i\000\040\000a\000\040\000B\000a\000s\000s\000a\000\040\000T\000e\000n\000s\000i\000o\000n\000e\000\040\000e\000\040\000B\000a\000s\000s\000a\000\040\000P\000o\000t\000e\000n\000z\000a}{}% 2
\BOOKMARK [1][-]{section.1.1}{\376\377\000E\000v\000o\000l\000u\000z\000i\000o\000n\000e\000\040\000d\000e\000l\000l\000a\000\040\000p\000r\000o\000g\000e\000t\000t\000a\000z\000i\000o\000n\000e\000\040\000d\000i\000\040\000c\000i\000r\000c\000u\000i\000t\000i\000\040\000a\000\040\000b\000a\000s\000s\000a\000\040\000t\000e\000n\000s\000i\000o\000n\000e}{chapter.1}% 3
\BOOKMARK [1][-]{section.1.2}{\376\377\000P\000r\000i\000n\000c\000i\000p\000a\000l\000i\000\040\000t\000e\000c\000n\000i\000c\000h\000e\000\040\000p\000e\000r\000\040\000a\000m\000p\000l\000i\000f\000i\000c\000a\000t\000o\000r\000i\000\040\000a\000\040\000b\000a\000s\000s\000a\000\040\000t\000e\000n\000s\000i\000o\000n\000e}{chapter.1}% 4
\BOOKMARK [2][-]{subsection.1.2.1}{\376\377\000T\000e\000c\000n\000o\000l\000o\000g\000i\000a\000\040\000B\000u\000l\000k\000-\000D\000r\000i\000v\000e\000n}{section.1.2}% 5
\BOOKMARK [2][-]{subsection.1.2.2}{\376\377\000S\000t\000r\000u\000t\000t\000u\000r\000a\000\040\000S\000e\000l\000f\000c\000a\000s\000c\000o\000d\000e}{section.1.2}% 6
\BOOKMARK [1][-]{section.1.3}{\376\377\000A\000m\000p\000l\000i\000f\000i\000c\000a\000t\000o\000r\000i\000\040\000b\000a\000s\000a\000t\000i\000\040\000s\000u\000\040\000i\000n\000v\000e\000r\000t\000e\000r\000\040\000C\000M\000O\000S}{chapter.1}% 7
\BOOKMARK [2][-]{subsection.1.3.1}{\376\377\000L\000'\000I\000n\000v\000e\000r\000t\000e\000r\000\040\000C\000M\000O\000S\000\040\000c\000o\000m\000e\000\040\000E\000l\000e\000m\000e\000n\000t\000o\000\040\000A\000n\000a\000l\000o\000g\000i\000c\000o}{section.1.3}% 8
\BOOKMARK [0][-]{chapter.2}{\376\377\000L\000'\000A\000r\000c\000h\000i\000t\000e\000t\000t\000u\000r\000a\000\040\000N\000a\000u\000t\000a\000\040\000O\000T\000A}{}% 9
\BOOKMARK [1][-]{section.2.1}{\376\377\000I\000n\000t\000r\000o\000d\000u\000z\000i\000o\000n\000e}{chapter.2}% 10
\BOOKMARK [1][-]{section.2.2}{\376\377\000P\000r\000i\000n\000c\000i\000p\000i\000\040\000d\000i\000\040\000F\000u\000n\000z\000i\000o\000n\000a\000m\000e\000n\000t\000o\000\040\000d\000e\000l\000\040\000N\000a\000u\000t\000a\000\040\000O\000T\000A}{chapter.2}% 11
\BOOKMARK [2][-]{subsection.2.2.1}{\376\377\000S\000t\000r\000u\000t\000t\000u\000r\000a\000\040\000B\000a\000s\000e\000\040\000d\000e\000l\000\040\000N\000a\000u\000t\000a\000\040\000O\000T\000A}{section.2.2}% 12
\BOOKMARK [2][-]{subsection.2.2.2}{\376\377\000C\000o\000n\000v\000e\000r\000s\000i\000o\000n\000e\000\040\000T\000e\000n\000s\000i\000o\000n\000e\000-\000C\000o\000r\000r\000e\000n\000t\000e\000\040\000L\000i\000n\000e\000a\000r\000e}{section.2.2}% 13
\BOOKMARK [2][-]{subsection.2.2.3}{\376\377\000M\000i\000g\000l\000i\000o\000r\000a\000m\000e\000n\000t\000o\000\040\000d\000e\000l\000\040\000G\000u\000a\000d\000a\000g\000n\000o\000\040\000D\000C}{section.2.2}% 14
\BOOKMARK [1][-]{section.2.3}{\376\377\000V\000a\000n\000t\000a\000g\000g\000i\000\040\000d\000e\000l\000l\000'\000A\000r\000c\000h\000i\000t\000e\000t\000t\000u\000r\000a\000\040\000N\000a\000u\000t\000a\000\040\000O\000T\000A}{chapter.2}% 15
\BOOKMARK [1][-]{section.2.4}{\376\377\000I\000m\000p\000l\000e\000m\000e\000n\000t\000a\000z\000i\000o\000n\000i\000\040\000a\000\040\000B\000a\000s\000s\000a\000\040\000T\000e\000n\000s\000i\000o\000n\000e\000\040\000d\000e\000l\000\040\000N\000a\000u\000t\000a\000\040\000O\000T\000A}{chapter.2}% 16
\BOOKMARK [1][-]{section.2.5}{\376\377\000A\000p\000p\000l\000i\000c\000a\000z\000i\000o\000n\000i\000\040\000d\000e\000l\000\040\000N\000a\000u\000t\000a\000\040\000O\000T\000A}{chapter.2}% 17
\BOOKMARK [0][-]{chapter.3}{\376\377\000L\000e\000\040\000I\000n\000t\000e\000r\000f\000e\000r\000e\000n\000z\000e\000\040\000E\000l\000e\000t\000t\000r\000o\000m\000a\000g\000n\000e\000t\000i\000c\000h\000e}{}% 18
\BOOKMARK [1][-]{section.3.1}{\376\377\000D\000e\000f\000i\000n\000i\000z\000i\000o\000n\000e\000\040\000e\000\040\000t\000i\000p\000o\000l\000o\000g\000i\000e\000\040\000d\000i\000\040\000i\000n\000t\000e\000r\000f\000e\000r\000e\000n\000z\000e\000\040\000e\000l\000e\000t\000t\000r\000o\000m\000a\000g\000n\000e\000t\000i\000c\000h\000e}{chapter.3}% 19
\BOOKMARK [1][-]{section.3.2}{\376\377\000E\000M\000I\000\040\000n\000e\000i\000\040\000c\000i\000r\000c\000u\000i\000t\000i\000\040\000i\000n\000t\000e\000g\000r\000a\000t\000i}{chapter.3}% 20
\BOOKMARK [1][-]{section.3.3}{\376\377\000T\000i\000p\000o\000l\000o\000g\000i\000e\000\040\000d\000i\000\040\000p\000r\000o\000p\000a\000g\000a\000z\000i\000o\000n\000e\000\040\000d\000e\000l\000l\000e\000\040\000E\000M\000I\000\040\000n\000e\000i\000\040\000c\000i\000r\000c\000u\000i\000t\000i\000\040\000i\000n\000t\000e\000g\000r\000a\000t\000i}{chapter.3}% 21
\BOOKMARK [1][-]{section.3.4}{\376\377\000S\000e\000n\000s\000i\000b\000i\000l\000i\000t\000\340\000\040\000d\000e\000i\000\040\000c\000i\000r\000c\000u\000i\000t\000i\000\040\000a\000n\000a\000l\000o\000g\000i\000c\000i\000\040\000a\000l\000l\000e\000\040\000E\000M\000I}{chapter.3}% 22
\BOOKMARK [2][-]{subsection.3.4.1}{\376\377\000I\000m\000m\000u\000n\000i\000t\000\340\000\040\000E\000M\000I\000\040\000n\000e\000l\000l\000'\000a\000r\000c\000h\000i\000t\000e\000t\000t\000u\000r\000a\000\040\000N\000a\000u\000t\000a}{section.3.4}% 23
\BOOKMARK [1][-]{section.3.5}{\376\377\000M\000e\000t\000o\000d\000o\000l\000o\000g\000i\000a\000\040\000d\000i\000\040\000s\000t\000u\000d\000i\000o\000\040\000d\000e\000l\000l\000e\000\040\000E\000M\000I}{chapter.3}% 24
\BOOKMARK [1][-]{section.3.6}{\376\377\000S\000t\000r\000a\000t\000e\000g\000i\000e\000\040\000p\000e\000r\000\040\000m\000i\000g\000l\000i\000o\000r\000a\000r\000e\000\040\000l\000'\000i\000m\000m\000u\000n\000i\000t\000\340\000\040\000E\000M\000I}{chapter.3}% 25
\BOOKMARK [2][-]{subsection.3.6.1}{\376\377\000V\000a\000n\000t\000a\000g\000g\000i\000\040\000d\000e\000g\000l\000i\000\040\000a\000m\000p\000l\000i\000f\000i\000c\000a\000t\000o\000r\000i\000\040\000b\000a\000s\000a\000t\000i\000\040\000s\000u\000\040\000i\000n\000v\000e\000r\000t\000e\000r\000\040\000i\000n\000\040\000t\000e\000r\000m\000i\000n\000i\000\040\000d\000i\000\040\000i\000m\000m\000u\000n\000i\000t\000\340\000\040\000E\000M\000I}{section.3.6}% 26
\BOOKMARK [0][-]{chapter.4}{\376\377\000C\000o\000n\000f\000r\000o\000n\000t\000o\000\040\000t\000r\000a\000\040\000a\000m\000p\000l\000i\000f\000i\000c\000a\000t\000o\000r\000i\000\040\000N\000a\000u\000t\000a\000\040\000e\000\040\000M\000i\000l\000l\000e\000r\000\040\000i\000n\000\040\000t\000e\000r\000m\000i\000n\000i\000\040\000d\000i\000\040\000i\000m\000m\000u\000n\000i\000t\000\340\000\040\000E\000M\000I}{}% 27
\BOOKMARK [1][-]{section.4.1}{\376\377\000I\000n\000t\000r\000o\000d\000u\000z\000i\000o\000n\000e}{chapter.4}% 28
\BOOKMARK [1][-]{section.4.2}{\376\377\000F\000o\000n\000d\000a\000m\000e\000n\000t\000i\000\040\000T\000e\000o\000r\000i\000c\000i\000\040\000d\000e\000l\000l\000a\000\040\000S\000u\000s\000c\000e\000t\000t\000i\000b\000i\000l\000i\000t\000\340\000\040\000E\000M\000I\000\040\000n\000e\000g\000l\000i\000\040\000A\000m\000p\000l\000i\000f\000i\000c\000a\000t\000o\000r\000i}{chapter.4}% 29
\BOOKMARK [2][-]{subsection.4.2.1}{\376\377\000M\000e\000c\000c\000a\000n\000i\000s\000m\000i\000\040\000d\000i\000\040\000S\000u\000s\000c\000e\000t\000t\000i\000b\000i\000l\000i\000t\000\340\000\040\000E\000M\000I\000\040\000n\000e\000l\000l\000e\000\040\000A\000r\000c\000h\000i\000t\000e\000t\000t\000u\000r\000e\000\040\000T\000r\000a\000d\000i\000z\000i\000o\000n\000a\000l\000i}{section.4.2}% 30
\BOOKMARK [2][-]{subsection.4.2.2}{\376\377\000P\000o\000t\000e\000n\000z\000i\000a\000l\000i\000\040\000V\000a\000n\000t\000a\000g\000g\000i\000\040\000d\000e\000l\000l\000'\000A\000r\000c\000h\000i\000t\000e\000t\000t\000u\000r\000a\000\040\000N\000a\000u\000t\000a}{section.4.2}% 31
\BOOKMARK [1][-]{section.4.3}{\376\377\000M\000e\000t\000o\000d\000o\000l\000o\000g\000i\000a\000\040\000d\000i\000\040\000S\000i\000m\000u\000l\000a\000z\000i\000o\000n\000e}{chapter.4}% 32
\BOOKMARK [2][-]{subsection.4.3.1}{\376\377\000S\000e\000t\000u\000p\000\040\000d\000i\000\040\000S\000i\000m\000u\000l\000a\000z\000i\000o\000n\000e}{section.4.3}% 33
\BOOKMARK [2][-]{subsection.4.3.2}{\376\377\000V\000a\000r\000i\000a\000n\000t\000i\000\040\000A\000r\000c\000h\000i\000t\000e\000t\000t\000u\000r\000a\000l\000i\000\040\000A\000n\000a\000l\000i\000z\000z\000a\000t\000e}{section.4.3}% 34
\BOOKMARK [2][-]{subsection.4.3.3}{\376\377\000P\000a\000r\000a\000m\000e\000t\000r\000i\000\040\000d\000i\000\040\000C\000o\000n\000f\000r\000o\000n\000t\000o}{section.4.3}% 35
\BOOKMARK [1][-]{section.4.4}{\376\377\000C\000o\000n\000s\000i\000d\000e\000r\000a\000z\000i\000o\000n\000i\000\040\000s\000u\000l\000\040\000D\000i\000m\000e\000n\000s\000i\000o\000n\000a\000m\000e\000n\000t\000o}{chapter.4}% 36
\BOOKMARK [2][-]{subsection.4.4.1}{\376\377\000D\000i\000m\000e\000n\000s\000i\000o\000n\000a\000m\000e\000n\000t\000o\000\040\000d\000e\000l\000l\000'\000A\000m\000p\000l\000i\000f\000i\000c\000a\000t\000o\000r\000e\000\040\000M\000i\000l\000l\000e\000r}{section.4.4}% 37
\BOOKMARK [2][-]{subsection.4.4.2}{\376\377\000D\000i\000m\000e\000n\000s\000i\000o\000n\000a\000m\000e\000n\000t\000o\000\040\000d\000e\000l\000l\000'\000A\000m\000p\000l\000i\000f\000i\000c\000a\000t\000o\000r\000e\000\040\000N\000a\000u\000t\000a}{section.4.4}% 38
\BOOKMARK [1][-]{section.4.5}{\376\377\000P\000a\000r\000a\000m\000e\000t\000r\000i\000\040\000d\000i\000\040\000V\000a\000l\000u\000t\000a\000z\000i\000o\000n\000e\000\040\000d\000e\000l\000l\000e\000\040\000P\000r\000e\000s\000t\000a\000z\000i\000o\000n\000i}{chapter.4}% 39
\BOOKMARK [2][-]{subsection.4.5.1}{\376\377\000P\000a\000r\000a\000m\000e\000t\000r\000i\000\040\000A\000C\000\040\000C\000o\000n\000v\000e\000n\000z\000i\000o\000n\000a\000l\000i}{section.4.5}% 40
\BOOKMARK [2][-]{subsection.4.5.2}{\376\377\000P\000a\000r\000a\000m\000e\000t\000r\000i\000\040\000d\000i\000\040\000I\000m\000m\000u\000n\000i\000t\000\340\000\040\000E\000M\000I}{section.4.5}% 41
\BOOKMARK [2][-]{subsection.4.5.3}{\376\377\000A\000l\000t\000r\000i\000\040\000P\000a\000r\000a\000m\000e\000t\000r\000i\000\040\000R\000i\000l\000e\000v\000a\000n\000t\000i}{section.4.5}% 42
\BOOKMARK [1][-]{section.4.6}{\376\377\000C\000o\000n\000s\000i\000d\000e\000r\000a\000z\000i\000o\000n\000i\000\040\000P\000r\000e\000l\000i\000m\000i\000n\000a\000r\000i\000\040\000s\000u\000l\000l\000'\000I\000m\000m\000u\000n\000i\000t\000\340\000\040\000E\000M\000I}{chapter.4}% 43
\BOOKMARK [2][-]{subsection.4.6.1}{\376\377\000V\000a\000n\000t\000a\000g\000g\000i\000\040\000P\000r\000e\000v\000i\000s\000t\000i\000\040\000d\000e\000l\000l\000'\000A\000r\000c\000h\000i\000t\000e\000t\000t\000u\000r\000a\000\040\000N\000a\000u\000t\000a}{section.4.6}% 44
\BOOKMARK [2][-]{subsection.4.6.2}{\376\377\000S\000f\000i\000d\000e\000\040\000P\000o\000t\000e\000n\000z\000i\000a\000l\000i\000\040\000d\000e\000l\000l\000'\000A\000r\000c\000h\000i\000t\000e\000t\000t\000u\000r\000a\000\040\000N\000a\000u\000t\000a}{section.4.6}% 45
\BOOKMARK [1][-]{section.4.7}{\376\377\000C\000o\000n\000c\000l\000u\000s\000i\000o\000n\000i}{chapter.4}% 46
\BOOKMARK [0][-]{chapter*.20}{\376\377\000B\000i\000b\000l\000i\000o\000g\000r\000a\000f\000i\000a}{}% 47
